-------------------------------------------------------------------------------
Test set: TestSuite
-------------------------------------------------------------------------------
Tests run: 2, Failures: 1, Errors: 0, Skipped: 0, Time elapsed: 11.223 s <<< FAILURE! - in TestSuite
cucumberOptions.TestNGTestRunner.runScenario["Search experience for product search in both home and Offers page", "Search and place Order products"](2)  Time elapsed: 9.938 s  <<< FAILURE!
java.lang.AssertionError: expected [Beetroot] but found [No data]

